10:21:20  : LOGIN DETAILS : UserId:N62861
ScripDetail Update:1
No Replay:0

10:21:19  : Market Data Tcp Channel Connected  
10:21:19  : Market Data Tcp Channel is not Connected  
10:21:03  : Alert notifier Connected.  
10:21:03  : Alert notifier is not Connected.  
10:21:33  : REJECTION : NEW REJECTED  Buy  1  143.90  NSECM:ONGC-EQ  Error : RMS: Auto Square Off Block  
10:21:33  : REJECTION : NEW REJECTED  Sell  1  143.90  NSECM:ONGC-EQ  Error : RMS: Auto Square Off Block  
10:21:33  : REJECTION : NEW REJECTED  Buy  1  143.90  NSECM:ONGC-EQ  Error :  Your order has been rejected due to Insufficient Funds. Available funds - Rs. 0.00 . You require Rs. 17.99 funds to execute this order.  
10:21:33  : REJECTION : NEW REJECTED  Buy  1  143.90  NSECM:ONGC-EQ  Error :  Your order has been rejected due to Insufficient Funds. Available funds - Rs. 0.00 . You require Rs. 143.90 funds to execute this order.  
10:21:59  : CONFIRMED Buy 0/1 2284.60 NSECM:TCS-EQ 0 1300000000009143  
10:21:59  : CONFIRMED Buy 0/1 0.00 NSECM:TCS-EQ 0 1300000000009143  
10:21:59  : PENDING Buy 0/1 0.00 NSECM:TCS-EQ 0   
10:22:20  : TRADE : Buy  1  2284.60  NSECM:TCS-EQ  0  1300000000009143  
10:22:50  : CONFIRMED Buy 0/1 2284.00 NSECM:TCS-EQ 0 1300000000010760  
10:22:50  : CONFIRMED Buy 0/1 0.00 NSECM:TCS-EQ 0 1300000000010760  
10:22:50  : PENDING Buy 0/1 0.00 NSECM:TCS-EQ 0   
10:22:55  : TRADE : Buy  1  2284.00  NSECM:TCS-EQ  0  1300000000010760  
10:23:05  : CONFIRMED Buy 0/1 0.00 NSECM:TCS-EQ 0 1300000000010992  
10:23:05  : PENDING Buy 0/1 0.00 NSECM:TCS-EQ 0   
10:23:10  : TRADE : Buy  1  2284.00  NSECM:TCS-EQ  0  1300000000010992  
10:23:10  : TRIGGERED Buy 0/1 2284.00 NSECM:TCS-EQ 0 1300000000010992  
10:23:10  : TRIGGERED Buy 0/1 0.00 NSECM:TCS-EQ 0 1300000000010992  
10:23:26  : CONFIRMED Buy 0/1 2250.00 NSECM:TCS-EQ 0 1300000000011376  
10:23:26  : PENDING Buy 0/1 2250.00 NSECM:TCS-EQ 0   
10:23:30  : TRADE : Buy  1  2250.00  NSECM:TCS-EQ  0  1300000000011376  
10:23:30  : TRIGGERED Buy 0/1 2250.00 NSECM:TCS-EQ 0 1300000000011376  
10:23:51  : TRADE : Sell  1  1365.00  NSECM:RELIANCE-EQ  0  1300000000011857  
10:23:51  : CONFIRMED Sell 0/1 1365.00 NSECM:RELIANCE-EQ 0 1300000000011857  
10:23:51  : PENDING Sell 0/1 1365.00 NSECM:RELIANCE-EQ 0   
10:23:55  : REJECTION : NEW REJECTED  Sell  1  0.00  NSECM:RELIANCE-EQ  Error :  You are currently holding either no quantity or less than the quantity placed in the order. Request to kindly check holding once  
10:23:55  : PENDING Sell 0/1 0.00 NSECM:RELIANCE-EQ 0   
10:24:08  : CONFIRMED Sell 0/1 0.00 NSECM:RELIANCE-EQ 0 1300000000012010  
10:24:08  : PENDING Sell 0/1 0.00 NSECM:RELIANCE-EQ 0   
10:24:19  : TRADE : Sell  1  1360.00  NSECM:RELIANCE-EQ  0  1300000000012172  
10:24:19  : TRIGGERED Sell 0/1 1360.00 NSECM:RELIANCE-EQ 0 1300000000012172  
10:24:19  : CONFIRMED Sell 0/1 1360.00 NSECM:RELIANCE-EQ 0 1300000000012172  
10:24:19  : PENDING Sell 0/1 1360.00 NSECM:RELIANCE-EQ 0   
10:24:21  : TRADE : Sell  1  1350.00  NSECM:RELIANCE-EQ  0  1300000000012010  
10:24:21  : TRIGGERED Sell 0/1 0.00 NSECM:RELIANCE-EQ 0 1300000000012010  
10:24:46  : TRADE : Buy  1  34.20  NSECM:RELIGARE-EQ  0  1300000000012605  
10:24:46  : CONFIRMED Buy 0/1 34.20 NSECM:RELIGARE-EQ 0 1300000000012605  
10:24:46  : PENDING Buy 0/1 34.20 NSECM:RELIGARE-EQ 0   
10:24:53  : REJECTION : NEW REJECTED  Buy  1  0.00  NSECM:RELIGARE-EQ  Error : RMS:Rule: Assigned basket  for entity account-N62861 across exchange across segment across product   
10:24:53  : PENDING Buy 0/1 0.00 NSECM:RELIGARE-EQ 0   
10:25:15  : TRADE : Buy  1  68.7225  NSECDS:USDINR19AUGFUT  0  1000000000001088  
10:25:15  : CONFIRMED Buy 0/1 0.0000 NSECDS:USDINR19AUGFUT 0 1000000000001088  
10:25:15  : PENDING Buy 0/1 0.0000 NSECDS:USDINR19AUGFUT 0   
10:25:23  : CONFIRMED Sell 0/1 64.0050 NSECDS:JPYINR19JULFUT 0 1000000000001093  
10:25:23  : CONFIRMED Sell 0/1 0.0000 NSECDS:JPYINR19JULFUT 0 1000000000001093  
10:25:23  : PENDING Sell 0/1 0.0000 NSECDS:JPYINR19JULFUT 0   
10:25:32  : CONFIRMED Buy 0/250 7.50 NSEFO:TCS19AUG2300CE 0 1200000000002686  
10:25:32  : CONFIRMED Buy 0/250 0.00 NSEFO:TCS19AUG2300CE 0 1200000000002686  
10:25:32  : PENDING Buy 0/250 0.00 NSEFO:TCS19AUG2300CE 0   
10:25:40  : CONFIRMED Buy 0/1 144.10 BSECM:ONGC 0 1563597283325001001  
10:25:40  : CONFIRMED Buy 0/1 0.00 BSECM:ONGC 0 1563597283325001001  
10:25:40  : PENDING Buy 0/1 0.00 BSECM:ONGC 0   
10:25:49  : REJECTION : NEW REJECTED  Buy  5  0.00  MCX:ALUMINIUM19AUGFUT  Error : RMS:Bad Input  
10:25:49  : PENDING Buy 0/5 0.00 MCX:ALUMINIUM19AUGFUT 0   
10:30:25  : CONFIRMED Buy 0/10 2104.20 NSECM:TCS-EQ 0 1300000000021614  
10:30:25  : CONFIRMED Buy 0/10 0.00 NSECM:TCS-EQ 0 1300000000021614  
10:30:25  : PENDING Buy 0/10 0.00 NSECM:TCS-EQ 0   
10:31:03  : CONFIRMED Buy 0/5 2100.00 NSECM:TCS-EQ 0 1300000000021614  
10:31:03  : REPLACED Buy 0/10 2104.20 NSECM:TCS-EQ 0 1300000000021614  
10:31:27  : CANCELED  Sell  1  64.0050  NSECDS:JPYINR19JULFUT  1000000000001093  
10:31:27  : CANCELED  Buy  250  7.50  NSEFO:TCS19AUG2300CE  1200000000002686  
10:31:27  : CANCELED  Buy  1  144.10  BSECM:ONGC  1563597283325001001  
10:31:27  : CANCELED  Buy  5  2100.00  NSECM:TCS-EQ  1300000000021614  
10:32:10  : REJECTION : NEW REJECTED  Buy  10  0.00  NSECM:RENUKA-EQ  Error : RMS:Rule: Assigned basket  for entity account-N62861 across exchange across segment across product   
10:32:10  : PENDING Buy 0/10 0.00 NSECM:RENUKA-EQ 0   
10:32:29  : CONFIRMED Buy 0/10 8.75 NSECM:RENUKA-EQ 0 1300000000025024  
10:32:29  : CONFIRMED Buy 0/10 0.00 NSECM:RENUKA-EQ 0 1300000000025024  
10:32:29  : PENDING Buy 0/10 0.00 NSECM:RENUKA-EQ 0   
10:32:35  : TRADE : Sell  10  45.00  NSECM:RELINFRA-EQ  0  1300000000025187  
10:32:35  : CONFIRMED Sell 0/10 0.00 NSECM:RELINFRA-EQ 0 1300000000025187  
10:32:35  : PENDING Sell 0/10 0.00 NSECM:RELINFRA-EQ 0   
10:32:42  : CONFIRMED Buy 9/10 34.20 NSECM:RELIGARE-EQ 0 1300000000025383  
10:32:42  : CONFIRMED Buy 9/10 34.20 NSECM:RELIGARE-EQ 0 1300000000025383  
10:32:42  : TRADE : Buy  9  34.20  NSECM:RELIGARE-EQ  0  1300000000025383  
10:32:42  : CONFIRMED Buy 0/10 0.00 NSECM:RELIGARE-EQ 0 1300000000025383  
10:32:42  : PENDING Buy 0/10 0.00 NSECM:RELIGARE-EQ 0   
10:32:49  : CONFIRMED Sell 0/10 0.00 NSECM:RELIANCE-EQ 0 1300000000025545  
10:32:49  : PENDING Sell 0/10 0.00 NSECM:RELIANCE-EQ 0   
10:32:49  : TRADE : Sell  10  1320.10  NSECM:RELIANCE-EQ  0  1300000000025545  
10:33:00  : REJECTION : NEW REJECTED  Sell  10  0.00  NSECM:TCS-EQ  Error :  You are currently holding either no quantity or less than the quantity placed in the order. Request to kindly check holding once  
10:33:00  : PENDING Sell 0/10 0.00 NSECM:TCS-EQ 0   
10:33:09  : TRADE : Sell  10  2081.50  NSECM:TCS-EQ  0  1300000000025935  
10:33:09  : CONFIRMED Sell 0/10 0.00 NSECM:TCS-EQ 0 1300000000025935  
10:33:09  : PENDING Sell 0/10 0.00 NSECM:TCS-EQ 0   
10:33:17  : REJECTION : NEW REJECTED  Sell  10  0.00  NSECM:RENUKA-EQ  Error :  You are currently holding either no quantity or less than the quantity placed in the order. Request to kindly check holding once  
10:33:17  : PENDING Sell 0/10 0.00 NSECM:RENUKA-EQ 0   
10:33:23  : CONFIRMED Buy 0/10 8.75 NSECM:RENUKA-EQ 0 1300000000026284  
10:33:23  : CONFIRMED Buy 0/10 0.00 NSECM:RENUKA-EQ 0 1300000000026284  
10:33:22  : PENDING Buy 0/10 0.00 NSECM:RENUKA-EQ 0   
10:33:28  : CONFIRMED Buy 0/10 8.75 NSECM:RENUKA-EQ 0 1300000000026480  
10:33:28  : CONFIRMED Buy 0/10 0.00 NSECM:RENUKA-EQ 0 1300000000026480  
10:33:28  : PENDING Buy 0/10 0.00 NSECM:RENUKA-EQ 0   
10:33:37  : CONFIRMED Buy 0/10 8.75 NSECM:RENUKA-EQ 0 1300000000026703  
10:33:37  : CONFIRMED Buy 0/10 0.00 NSECM:RENUKA-EQ 0 1300000000026703  
10:33:37  : PENDING Buy 0/10 0.00 NSECM:RENUKA-EQ 0   
10:37:46  : Partial Pos Conv is successfull  
10:38:21  : CONFIRMED Buy 0/2500 202.00 NSEFO:TCS19AUG2300PE 0 1200000000005762  
10:38:21  : CONFIRMED Buy 0/2500 0.00 NSEFO:TCS19AUG2300PE 0 1200000000005762  
10:38:21  : PENDING Buy 0/2500 0.00 NSEFO:TCS19AUG2300PE 0   
10:38:33  : CONFIRMED Buy 0/10 0.0125 NSECDS:USDINR19AUG67PE 0 1000000000002231  
10:38:33  : CONFIRMED Buy 0/10 0.0000 NSECDS:USDINR19AUG67PE 0 1000000000002231  
10:38:33  : PENDING Buy 0/10 0.0000 NSECDS:USDINR19AUG67PE 0   
10:40:18  : REJECTION : NEW REJECTED  Sell  10  0.00  NSECM:RENUKA-EQ  Error : RMS:Rule: Assigned basket  for entity account-N62861 across exchange across segment across product   
10:40:18  : PENDING Sell 0/10 0.00 NSECM:RENUKA-EQ 0   
10:40:32  : CONFIRMED Sell 0/10 8.75 NSECM:RENUKA-EQ 0 1300000000039462  
10:40:32  : PENDING Sell 0/10 8.75 NSECM:RENUKA-EQ 0   
10:40:52  : CONFIRMED Sell 0/10 0.00 NSECM:RENUKA-EQ 0 1300000000039816  
10:40:52  : PENDING Sell 0/10 0.00 NSECM:RENUKA-EQ 0   
10:41:15  : TRADE : Buy  10  42.00  NSECM:RELINFRA-EQ  0  1300000000040273  
10:41:15  : CONFIRMED Buy 0/10 0.00 NSECM:RELINFRA-EQ 0 1300000000040273  
10:41:15  : PENDING Buy 0/10 0.00 NSECM:RELINFRA-EQ 0   
10:41:35  : REJECTION : NEW REJECTED  Buy  10  0.00  NSECM:RELIGARE-EQ  Error : RMS:Rule: Assigned basket  for entity account-N62861 across exchange across segment across product   
10:41:35  : PENDING Buy 0/10 0.00 NSECM:RELIGARE-EQ 0   
10:41:48  : CONFIRMED Sell 0/15 0.00 NSECM:RENUKA-EQ 0 1300000000039816  
10:41:48  : REPLACED Sell 0/10 0.00 NSECM:RENUKA-EQ 0 1300000000039816  
10:42:09  : CONFIRMED Sell 0/10 8.70 NSECM:RENUKA-EQ 0 1300000000039462  
10:42:09  : REPLACED Sell 0/10 8.75 NSECM:RENUKA-EQ 0 1300000000039462  
10:42:39  : CONFIRMED Sell 0/10 8.70 NSECM:RENUKA-EQ 0 1300000000039462  
10:42:39  : REPLACED Sell 0/10 8.70 NSECM:RENUKA-EQ 0 1300000000039462  
10:43:39  : CONFIRMED Buy 0/10 8.75 NSECM:RENUKA-EQ 0 1300000000026480  
10:43:39  : CONFIRMED Buy 0/10 0.00 NSECM:RENUKA-EQ 0 1300000000026480  
10:43:39  : REPLACED Buy 0/10 8.75 NSECM:RENUKA-EQ 0 1300000000026480  
10:46:07  : CANCELED  Buy  10  8.75  NSECM:RENUKA-EQ  1300000000026480  
10:46:08  : CANCELED  Buy  10  8.75  NSECM:RENUKA-EQ  1300000000025024  
10:46:08  : CANCELED  Buy  10  34.20  NSECM:RELIGARE-EQ  1300000000025383  
10:46:07  : CANCELED  Buy  10  8.75  NSECM:RENUKA-EQ  1300000000026284  
10:46:07  : CANCELED  Buy  10  8.75  NSECM:RENUKA-EQ  1300000000026703  
10:46:07  : CANCELED  Buy  2500  202.00  NSEFO:TCS19AUG2300PE  1200000000005762  
10:46:07  : CANCELED  Buy  10  0.0125  NSECDS:USDINR19AUG67PE  1000000000002231  
10:46:07  : CANCELED  Sell  15  0.00  NSECM:RENUKA-EQ  1300000000039816  
10:46:07  : CANCELED  Sell  10  8.70  NSECM:RENUKA-EQ  1300000000039462  
10:46:07  : CANCELED  Sell  10  8.70  NSECM:RENUKA-EQ  1300000000039462  
10:46:15  : TRADE : Buy  10  2086.00  NSECM:TCS-EQ  0  1300000000048200  
10:46:15  : CONFIRMED Buy 0/10 0.00 NSECM:TCS-EQ 0 1300000000048200  
10:46:15  : PENDING Buy 0/10 0.00 NSECM:TCS-EQ 0   
10:46:26  : CONFIRMED Buy 0/10 0.00 NSECM:TCS-EQ 0 1300000000048418  
10:46:26  : PENDING Buy 0/10 0.00 NSECM:TCS-EQ 0   
10:46:38  : CONFIRMED Buy 0/10 0.00 NSECM:TCS-EQ 0 1300000000049148  
10:46:38  : PENDING Buy 0/10 0.00 NSECM:TCS-EQ 0   
10:46:54  : CONFIRMED Buy 0/10 2260.00 NSECM:TCS-EQ 0 1300000000049603  
10:46:54  : PENDING Buy 0/10 2260.00 NSECM:TCS-EQ 0   
10:47:05  : TRADE : Sell  10  1304.25  NSECM:RELIANCE-EQ  0  1300000000049907  
10:47:05  : CONFIRMED Sell 0/10 0.00 NSECM:RELIANCE-EQ 0 1300000000049907  
10:47:05  : PENDING Sell 0/10 0.00 NSECM:RELIANCE-EQ 0   
10:47:13  : CONFIRMED Sell 0/10 1320.00 NSECM:RELIANCE-EQ 0 1300000000050163  
10:47:13  : PENDING Sell 0/10 1320.00 NSECM:RELIANCE-EQ 0   
10:47:33  : REJECTION : NEW REJECTED  Sell  10  0.00  NSECM:RELIANCE-EQ  Error : RMS:Rule: Check Trigger price vs LTP for SL-M orders ,Trigger Price:1360.00, LTP:1305.00  for entity account-N62861 across exchange across segment across product   
10:47:33  : PENDING Sell 0/10 0.00 NSECM:RELIANCE-EQ 0   
10:51:23  : TRADE : Sell  10  1320.00  NSECM:RELIANCE-EQ  0  1300000000050163  
10:52:16  : TRADE : Sell  10  1336.55  NSECM:RELIANCE-EQ  0  1300000000059750  
10:52:16  : CONFIRMED Sell 0/10 0.00 NSECM:RELIANCE-EQ 0 1300000000059750  
10:52:16  : PENDING Sell 0/10 0.00 NSECM:RELIANCE-EQ 0   
10:52:27  : REJECTION : NEW REJECTED  Sell  10  0.00  NSECM:RELIANCE-EQ  Error :  You are currently holding either no quantity or less than the quantity placed in the order. Request to kindly check holding once  
10:52:27  : PENDING Sell 0/10 0.00 NSECM:RELIANCE-EQ 0   
10:52:36  : TRADE : Sell  10  1337.45  NSECM:RELIANCE-EQ  0  1300000000060105  
10:52:36  : CONFIRMED Sell 0/10 0.00 NSECM:RELIANCE-EQ 0 1300000000060105  
10:52:36  : PENDING Sell 0/10 0.00 NSECM:RELIANCE-EQ 0   
10:52:40  : TRADE : Sell  10  1337.40  NSECM:RELIANCE-EQ  0  1300000000060162  
10:52:40  : CONFIRMED Sell 0/10 0.00 NSECM:RELIANCE-EQ 0 1300000000060162  
10:52:40  : PENDING Sell 0/10 0.00 NSECM:RELIANCE-EQ 0   
10:53:59  : TRADE : Buy  10  1354.30  NSECM:RELIANCE-EQ  0  1300000000062067  
10:53:58  : CONFIRMED Buy 0/10 1365.00 NSECM:RELIANCE-EQ 0 1300000000062067  
10:53:58  : PENDING Buy 0/10 1365.00 NSECM:RELIANCE-EQ 0   
10:54:10  : REJECTION : NEW REJECTED  Buy  10  1400.00  NSECM:RELIANCE-EQ  Error :  You are trying to place the order with a price which is outside circuit limits.Try placing order within the circut limits.  
10:54:10  : PENDING Buy 0/10 1400.00 NSECM:RELIANCE-EQ 0   
10:54:18  : REJECTION : NEW REJECTED  Buy  10  1000.00  NSECM:RELIANCE-EQ  Error :  You are trying to place the order with a price which is outside circuit limits.Try placing order within the circut limits.  
10:54:18  : PENDING Buy 0/10 1000.00 NSECM:RELIANCE-EQ 0   
10:54:44  : CONFIRMED Buy 0/10 1125.00 NSECM:RELIANCE-EQ 0 1300000000063457  
10:54:44  : PENDING Buy 0/10 1125.00 NSECM:RELIANCE-EQ 0   
10:55:13  : CONFIRMED Buy 0/10 1125.00 NSECM:RELIANCE-EQ 0 1300000000064162  
10:55:13  : PENDING Buy 0/10 1125.00 NSECM:RELIANCE-EQ 0   
10:55:27  : CONFIRMED Buy 0/10 1125.00 NSECM:RELIANCE-EQ 0 1300000000064437  
10:55:27  : PENDING Buy 0/10 1125.00 NSECM:RELIANCE-EQ 0   
10:55:40  : CONFIRMED Buy 0/10 1125.00 NSECM:RELIANCE-EQ 0 1300000000065264  
10:55:40  : PENDING Buy 0/10 1125.00 NSECM:RELIANCE-EQ 0   
10:56:41  : CONFIRMED Buy 0/15 1125.00 NSECM:RELIANCE-EQ 0 1300000000064437  
10:56:41  : REPLACED Buy 0/10 1125.00 NSECM:RELIANCE-EQ 0 1300000000064437  
10:56:51  : CONFIRMED Buy 0/5 1125.00 NSECM:RELIANCE-EQ 0 1300000000064162  
10:56:51  : REPLACED Buy 0/10 1125.00 NSECM:RELIANCE-EQ 0 1300000000064162  
10:57:08  : CONFIRMED Buy 0/20 1125.00 NSECM:RELIANCE-EQ 0 1300000000063457  
10:57:08  : REPLACED Buy 0/10 1125.00 NSECM:RELIANCE-EQ 0 1300000000063457  
11:00:55  : TRADE : Sell  10  2150.00  NSECM:HDFC-EQ  0  1100000000020600  
11:00:55  : CONFIRMED Sell 0/10 0.00 NSECM:HDFC-EQ 0 1100000000020600  
11:00:55  : PENDING Sell 0/10 0.00 NSECM:HDFC-EQ 0   
11:01:13  : CONFIRMED Sell 0/10 2165.00 NSECM:HDFC-EQ 0 1100000000020792  
11:01:13  : PENDING Sell 0/10 2165.00 NSECM:HDFC-EQ 0   
11:01:23  : CONFIRMED Sell 0/15 2165.00 NSECM:HDFC-EQ 0 1100000000020792  
11:01:23  : REPLACED Sell 0/10 2165.00 NSECM:HDFC-EQ 0 1100000000020792  
11:01:35  : REJECTION : NEW REJECTED  Sell  10  0.00  NSECM:HDFC-EQ  Error : RMS:Rule: Check Trigger price vs LTP for SL-M orders ,Trigger Price:2165.00, LTP:2150.00  for entity account-N62861 across exchange across segment across product   
11:01:35  : PENDING Sell 0/10 0.00 NSECM:HDFC-EQ 0   
11:01:46  : TRADE : Sell  10  2150.05  NSECM:HDFC-EQ  0  1100000000021169  
11:01:46  : TRIGGERED Sell 0/10 2150.05 NSECM:HDFC-EQ 0 1100000000021169  
11:01:46  : CONFIRMED Sell 0/10 2150.05 NSECM:HDFC-EQ 0 1100000000021169  
11:01:46  : PENDING Sell 0/10 2150.05 NSECM:HDFC-EQ 0   
11:01:53  : CONFIRMED Sell 5/15 2165.00 NSECM:HDFC-EQ 0 1100000000020792  
11:01:53  : TRADE : Sell  5  2165.00  NSECM:HDFC-EQ  0  1100000000020792  
11:01:58  : TRADE : Sell  10  2165.00  NSECM:HDFC-EQ  0  1100000000020792  
11:02:08  : REJECTION : NEW REJECTED  Sell  10  0.00  NSECM:HDFC-EQ  Error :  You are currently holding either no quantity or less than the quantity placed in the order. Request to kindly check holding once  
11:02:08  : PENDING Sell 0/10 0.00 NSECM:HDFC-EQ 0   
11:02:10  : TRADE : Buy  10  2260.00  NSECM:TCS-EQ  0  1300000000049603  
11:02:10  : TRIGGERED Buy 0/10 2260.00 NSECM:TCS-EQ 0 1300000000049603  
11:02:10  : TRADE : Buy  10  2284.00  NSECM:TCS-EQ  0  1300000000048418  
11:02:10  : TRIGGERED Buy 0/10 0.00 NSECM:TCS-EQ 0 1300000000048418  
11:02:10  : TRADE : Buy  9  2284.00  NSECM:TCS-EQ  0  1300000000049148  
11:02:10  : TRIGGERED Buy 1/10 0.00 NSECM:TCS-EQ 0 1300000000049148  
11:02:10  : TRADE : Buy  1  2280.95  NSECM:TCS-EQ  0  1300000000049148  
11:02:10  : TRIGGERED Buy 0/10 0.00 NSECM:TCS-EQ 0 1300000000049148  
11:02:16  : TRADE : Sell  10  2165.05  NSECM:HDFC-EQ  0  1100000000021570  
11:02:16  : CONFIRMED Sell 0/10 0.00 NSECM:HDFC-EQ 0 1100000000021570  
11:02:16  : PENDING Sell 0/10 0.00 NSECM:HDFC-EQ 0   
11:02:25  : TRADE : Sell  10  2150.05  NSECM:HDFC-EQ  0  1100000000021690  
11:02:25  : CONFIRMED Sell 0/10 0.00 NSECM:HDFC-EQ 0 1100000000021690  
11:02:25  : PENDING Sell 0/10 0.00 NSECM:HDFC-EQ 0   
11:03:01  : TRIGGERED Sell 0/10 2175.00 NSECM:HDFC-EQ 0 1100000000022229  
11:03:01  : CONFIRMED Sell 0/10 2175.00 NSECM:HDFC-EQ 0 1100000000022229  
11:03:01  : PENDING Sell 0/10 2175.00 NSECM:HDFC-EQ 0   
11:03:03  : TRADE : Sell  10  2175.00  NSECM:HDFC-EQ  0  1100000000022229  
11:04:12  : CONFIRMED Sell 2/10 1.2000 NSECDS:USDINR19JUL67.5CE 0 1000000000026367  
11:04:12  : CONFIRMED Sell 2/10 1.2000 NSECDS:USDINR19JUL67.5CE 0 1000000000026367  
11:04:12  : TRADE : Sell  2  1.2000  NSECDS:USDINR19JUL67.5CE  0  1000000000026367  
11:04:12  : CONFIRMED Sell 0/10 0.0000 NSECDS:USDINR19JUL67.5CE 0 1000000000026367  
11:04:12  : PENDING Sell 0/10 0.0000 NSECDS:USDINR19JUL67.5CE 0   
11:04:38  : CONFIRMED Buy 0/200 30005.00 NSEFO:BANKNIFTY19AUGFUT 0 1400000000068432  
11:04:38  : CONFIRMED Buy 0/200 0.00 NSEFO:BANKNIFTY19AUGFUT 0 1400000000068432  
11:04:38  : PENDING Buy 0/200 0.00 NSEFO:BANKNIFTY19AUGFUT 0   
11:04:46  : CONFIRMED Buy 0/200 30005.00 NSEFO:BANKNIFTY19AUGFUT 0 1400000000068577  
11:04:46  : CONFIRMED Buy 0/200 0.00 NSEFO:BANKNIFTY19AUGFUT 0 1400000000068577  
11:04:46  : PENDING Buy 0/200 0.00 NSEFO:BANKNIFTY19AUGFUT 0   
11:04:56  : CONFIRMED Buy 0/140 30005.00 NSEFO:BANKNIFTY19AUGFUT 0 1400000000068577  
11:04:56  : REPLACED Buy 0/200 30005.00 NSEFO:BANKNIFTY19AUGFUT 0 1400000000068577  
11:05:03  : CONFIRMED Buy 0/300 30005.00 NSEFO:BANKNIFTY19AUGFUT 0 1400000000068432  
11:05:03  : REPLACED Buy 0/200 30005.00 NSEFO:BANKNIFTY19AUGFUT 0 1400000000068432  
11:05:33  : TRADE : Buy  450  12390.00  NSEFO:NIFTY19AUGFUT  0  1100000000023860  
11:05:33  : CONFIRMED Buy 300/750 12369.47 NSEFO:NIFTY19AUGFUT 0 1100000000023860  
11:05:33  : TRADE : Buy  225  12390.00  NSEFO:NIFTY19AUGFUT  0  1100000000023860  
11:05:33  : CONFIRMED Buy 75/750 12307.90 NSEFO:NIFTY19AUGFUT 0 1100000000023860  
11:05:33  : TRADE : Buy  75  12307.90  NSEFO:NIFTY19AUGFUT  0  1100000000023860  
11:05:33  : CONFIRMED Buy 0/750 0.00 NSEFO:NIFTY19AUGFUT 0 1100000000023860  
11:05:33  : PENDING Buy 0/750 0.00 NSEFO:NIFTY19AUGFUT 0   
11:06:49  : TRIGGERED Buy 0/10 2175.00 NSECM:HDFC-EQ 0 1100000000025636  
11:06:49  : CONFIRMED Buy 0/10 2175.00 NSECM:HDFC-EQ 0 1100000000025636  
11:06:49  : PENDING Buy 0/10 2175.00 NSECM:HDFC-EQ 0   
11:07:02  : CANCELED  Buy  10  2175.00  NSECM:HDFC-EQ  1100000000025636  
11:07:02  : CANCELED  Buy  20  1125.00  NSECM:RELIANCE-EQ  1300000000063457  
11:07:33  : REJECTION : NEW REJECTED  Buy  10  2150.00  NSECM:HDFC-EQ  Error : RMS: Auto Square Off Block  
11:07:33  : PENDING Buy 0/10 2150.00 NSECM:HDFC-EQ 0   
11:07:56  : CANCELED  Sell  10  1.2000  NSECDS:USDINR19JUL67.5CE  1000000000026367  
11:08:04  : CONFIRMED Buy 0/10 0.0000 NSECDS:USDINR19JUL67.5CE 0 1000000000034163  
11:08:04  : PENDING Buy 0/10 0.0000 NSECDS:USDINR19JUL67.5CE 0   
11:08:04  : CONFIRMED Buy 2/10 1.2525 NSECDS:USDINR19JUL67.5CE 0 1000000000034163  
11:08:04  : CONFIRMED Buy 2/10 1.2525 NSECDS:USDINR19JUL67.5CE 0 1000000000034163  
11:08:04  : TRADE : Buy  2  1.2525  NSECDS:USDINR19JUL67.5CE  0  1000000000034163  
11:08:30  : CONFIRMED Buy 0/10 1125.00 NSECM:RELIANCE-EQ 0 1300000000065264  
11:08:30  : REPLACED Buy 0/10 1125.00 NSECM:RELIANCE-EQ 0 1300000000065264  
11:08:39  : CONFIRMED Buy 0/10 1125.00 NSECM:RELIANCE-EQ 0 1300000000065264  
11:08:39  : REPLACED Buy 0/10 1125.00 NSECM:RELIANCE-EQ 0 1300000000065264  
11:08:55  : CONFIRMED Buy 0/15 1125.00 NSECM:RELIANCE-EQ 0 1300000000064437  
11:08:55  : REJECTION : REPLACE REJECTED  Buy  15  0.00  NSECM:RELIANCE-EQ  1300000000064437  Error : RMS:Rule: Check Trigger price vs LTP for SL-M orders ,Trigger Price:1125.00, LTP:1335.05  for entity account-N62861 across exchange across segment across product   
11:09:22  : CANCELED  Buy  300  30005.00  NSEFO:BANKNIFTY19AUGFUT  1400000000068432  
11:09:32  : CONFIRMED Buy 0/15 1125.00 NSECM:RELIANCE-EQ 0 1300000000064437  
11:09:32  : REJECTION : REPLACE REJECTED  Buy  15  0.00  NSECM:RELIANCE-EQ  1300000000064437  Error : RMS:Rule: Check Trigger price vs LTP for SL-M orders ,Trigger Price:1130.00, LTP:1339.45  for entity account-N62861 across exchange across segment across product   
11:09:51  : TRIGGERED Buy 0/15 1125.00 NSECM:RELIANCE-EQ 0 1300000000064437  
11:09:51  : CONFIRMED Buy 0/15 1125.00 NSECM:RELIANCE-EQ 0 1300000000064437  
11:09:51  : REPLACED Buy 0/15 1125.00 NSECM:RELIANCE-EQ 0 1300000000064437  
11:10:44  : REJECTION : NEW REJECTED  Buy  200  0.00  NSEFO:BANKNIFTY19AUGFUT  Error : RMS: Auto Square Off Block  
11:10:44  : PENDING Buy 0/200 0.00 NSEFO:BANKNIFTY19AUGFUT 0   
11:10:51  : CANCELED  Buy  10  1.2525  NSECDS:USDINR19JUL67.5CE  1000000000034163  
11:11:17  : CONFIRMED Buy 250/2500 10.00 NSEFO:TCS19AUG2300CE 0 1200000000011315  
11:11:17  : CONFIRMED Buy 250/2500 10.00 NSEFO:TCS19AUG2300CE 0 1200000000011315  
11:11:17  : TRADE : Buy  250  10.00  NSEFO:TCS19AUG2300CE  0  1200000000011315  
11:11:17  : CONFIRMED Buy 0/2500 0.00 NSEFO:TCS19AUG2300CE 0 1200000000011315  
11:11:17  : PENDING Buy 0/2500 0.00 NSEFO:TCS19AUG2300CE 0   
11:11:22  : PENDING Buy 0/750 0.00 NSEFO:NIFTY19AUGFUT 0   
11:11:22  : TRADE : Buy  600  12390.00  NSEFO:NIFTY19AUGFUT  0  1100000000025865  
11:11:22  : CONFIRMED Buy 150/750 12385.50 NSEFO:NIFTY19AUGFUT 0 1100000000025865  
11:11:22  : TRADE : Buy  75  12387.00  NSEFO:NIFTY19AUGFUT  0  1100000000025865  
11:11:22  : CONFIRMED Buy 75/750 12384.00 NSEFO:NIFTY19AUGFUT 0 1100000000025865  
11:11:22  : TRADE : Buy  75  12384.00  NSEFO:NIFTY19AUGFUT  0  1100000000025865  
11:11:22  : CONFIRMED Buy 0/750 0.00 NSEFO:NIFTY19AUGFUT 0 1100000000025865  
11:11:24  : TRADE : Sell  750  12005.00  NSEFO:NIFTY19AUGFUT  0  1100000000025873  
11:11:24  : CONFIRMED Sell 0/750 0.00 NSEFO:NIFTY19AUGFUT 0 1100000000025873  
11:11:24  : PENDING Sell 0/750 0.00 NSEFO:NIFTY19AUGFUT 0   
11:11:28  : TRADE : Buy  200  32000.00  NSEFO:BANKNIFTY19AUGFUT  0  1400000000073421  
11:11:28  : CONFIRMED Buy 0/200 0.00 NSEFO:BANKNIFTY19AUGFUT 0 1400000000073421  
11:11:28  : PENDING Buy 0/200 0.00 NSEFO:BANKNIFTY19AUGFUT 0   
11:11:29  : CANCELED  Sell  200  0.00  NSEFO:BANKNIFTY19AUGFUT  1400000000073437  Error : 17070 : The Price is out of the current execution range  
11:11:29  : CONFIRMED Sell 0/200 0.00 NSEFO:BANKNIFTY19AUGFUT 0 1400000000073437  
11:11:29  : PENDING Sell 0/200 0.00 NSEFO:BANKNIFTY19AUGFUT 0   
11:11:36  : REJECTION : NEW REJECTED  Sell  200  0.00  NSEFO:BANKNIFTY19AUGFUT  Error : RMS: Auto Square Off Block  
11:11:36  : PENDING Sell 0/200 0.00 NSEFO:BANKNIFTY19AUGFUT 0   
11:13:38  : REJECTION : NEW REJECTED  Buy  9999999  0.00  NSECM:HDFC-EQ  Error : RMS:Rule: Order Quantity limit including square off order ,Current:9999999, limit set:500000  for entity account-N62861 across exchange across segment across product   
11:13:38  : PENDING Buy 0/9999999 0.00 NSECM:HDFC-EQ 0   
11:13:40  : PENDING Sell 0/30 0.00 NSECM:TCS-EQ 0   
11:13:40  : REJECTION : NEW REJECTED  Buy  35  0.00  NSECM:HDFC-EQ  Error : RMS: Auto Square Off Block  
11:13:40  : REJECTION : NEW REJECTED  Buy  30  0.00  NSECM:RELIANCE-EQ  Error : RMS: Auto Square Off Block  
11:13:40  : REJECTION : NEW REJECTED  Sell  30  0.00  NSECM:TCS-EQ  Error : RMS: Auto Square Off Block  
11:13:40  : PENDING Buy 0/35 0.00 NSECM:HDFC-EQ 0   
11:13:40  : PENDING Buy 0/30 0.00 NSECM:RELIANCE-EQ 0   
11:13:57  : CONFIRMED Buy 0/10 2074.00 NSECM:HDFC-EQ 0 1100000000033822  
11:13:57  : PENDING Buy 0/10 2074.00 NSECM:HDFC-EQ 0   
11:14:35  : REJECTION : NEW REJECTED  Buy  35  0.00  NSECM:HDFC-EQ  Error : RMS: Auto Square Off Block  
11:14:35  : PENDING Buy 0/35 0.00 NSECM:HDFC-EQ 0   
11:14:45  : CONFIRMED Buy 0/20 2533.90 NSECM:HDFC-EQ 0 1100000000034778  
11:14:45  : CONFIRMED Buy 0/20 0.00 NSECM:HDFC-EQ 0 1100000000034778  
11:14:45  : PENDING Buy 0/20 0.00 NSECM:HDFC-EQ 0   
11:14:53  : CONFIRMED Buy 0/10 2533.90 NSECM:HDFC-EQ 0 1100000000034936  
11:14:53  : CONFIRMED Buy 0/10 0.00 NSECM:HDFC-EQ 0 1100000000034936  
11:14:53  : PENDING Buy 0/10 0.00 NSECM:HDFC-EQ 0   
11:14:54  : TRADE : Buy  10  2533.90  NSECM:HDFC-EQ  0  1100000000034936  
11:14:54  : TRADE : Buy  20  2533.90  NSECM:HDFC-EQ  0  1100000000034778  
11:15:03  : TRADE : Buy  12  1328.80  NSECM:RELIANCE-EQ  0  1300000000096879  
11:15:03  : CONFIRMED Buy 0/12 0.00 NSECM:RELIANCE-EQ 0 1300000000096879  
11:15:03  : PENDING Buy 0/12 0.00 NSECM:RELIANCE-EQ 0   
11:15:10  : TRADE : Buy  11  1305.80  NSECM:RELIANCE-EQ  0  1300000000097072  
11:15:10  : CONFIRMED Buy 0/11 0.00 NSECM:RELIANCE-EQ 0 1300000000097072  
11:15:10  : PENDING Buy 0/11 0.00 NSECM:RELIANCE-EQ 0   
11:15:20  : REJECTION : NEW REJECTED  Buy  30  0.00  NSECM:RELIANCE-EQ  Error : RMS: Auto Square Off Block  
11:15:20  : PENDING Buy 0/30 0.00 NSECM:RELIANCE-EQ 0   
11:15:33  : CONFIRMED Sell 0/1 34.00 NSECM:RELIGARE-EQ 0 1300000000097949  
11:15:33  : CONFIRMED Sell 0/1 0.00 NSECM:RELIGARE-EQ 0 1300000000097949  
11:15:33  : PENDING Sell 0/1 0.00 NSECM:RELIGARE-EQ 0   
11:15:39  : CONFIRMED Sell 0/9 34.00 NSECM:RELIGARE-EQ 0 1300000000098103  
11:15:39  : CONFIRMED Sell 0/9 0.00 NSECM:RELIGARE-EQ 0 1300000000098103  
11:15:39  : PENDING Sell 0/9 0.00 NSECM:RELIGARE-EQ 0   
11:16:04  : TRADE : Buy  21  2500.00  NSECM:HDFC-EQ  0  1100000000036645  
11:16:04  : CONFIRMED Buy 14/35 2499.95 NSECM:HDFC-EQ 0 1100000000036645  
11:16:04  : TRADE : Buy  14  2499.95  NSECM:HDFC-EQ  0  1100000000036645  
11:16:04  : CONFIRMED Buy 0/35 0.00 NSECM:HDFC-EQ 0 1100000000036645  
11:16:04  : TRADE : Buy  30  1280.90  NSECM:RELIANCE-EQ  0  1300000000098677  
11:16:04  : CONFIRMED Buy 0/30 0.00 NSECM:RELIANCE-EQ 0 1300000000098677  
11:16:04  : TRADE : Sell  20  2080.00  NSECM:TCS-EQ  0  1300000000098675  
11:16:04  : CONFIRMED Sell 10/30 2081.00 NSECM:TCS-EQ 0 1300000000098675  
11:16:04  : TRADE : Sell  10  2081.00  NSECM:TCS-EQ  0  1300000000098675  
11:16:04  : CONFIRMED Sell 0/30 0.00 NSECM:TCS-EQ 0 1300000000098675  
11:16:04  : PENDING Buy 0/35 0.00 NSECM:HDFC-EQ 0   
11:16:04  : PENDING Buy 0/30 0.00 NSECM:RELIANCE-EQ 0   
11:16:04  : PENDING Sell 0/30 0.00 NSECM:TCS-EQ 0   
11:17:17  : TRADE : Sell  75  12119.25  NSEFO:NIFTY19AUGFUT  0  1100000000027760  
11:17:17  : CONFIRMED Sell 675/750 12119.32 NSEFO:NIFTY19AUGFUT 0 1100000000027760  
11:17:17  : TRADE : Sell  75  12119.25  NSEFO:NIFTY19AUGFUT  0  1100000000027760  
11:17:17  : CONFIRMED Sell 600/750 12119.33 NSEFO:NIFTY19AUGFUT 0 1100000000027760  
11:17:17  : TRADE : Sell  75  12119.30  NSEFO:NIFTY19AUGFUT  0  1100000000027760  
11:17:17  : CONFIRMED Sell 525/750 12119.34 NSEFO:NIFTY19AUGFUT 0 1100000000027760  
11:17:17  : TRADE : Sell  75  12119.30  NSEFO:NIFTY19AUGFUT  0  1100000000027760  
11:17:17  : CONFIRMED Sell 450/750 12119.35 NSEFO:NIFTY19AUGFUT 0 1100000000027760  
11:17:17  : TRADE : Sell  450  12119.35  NSEFO:NIFTY19AUGFUT  0  1100000000027760  
11:17:17  : CONFIRMED Sell 0/750 0.00 NSEFO:NIFTY19AUGFUT 0 1100000000027760  
11:17:17  : PENDING Sell 0/750 0.00 NSEFO:NIFTY19AUGFUT 0   
11:17:42  : TRADE : Buy  160  32000.00  NSEFO:BANKNIFTY19AUGFUT  0  1400000000076562  
11:17:42  : CONFIRMED Buy 40/200 31040.00 NSEFO:BANKNIFTY19AUGFUT 0 1400000000076562  
11:17:42  : TRADE : Buy  40  31040.00  NSEFO:BANKNIFTY19AUGFUT  0  1400000000076562  
11:17:42  : CONFIRMED Buy 0/200 0.00 NSEFO:BANKNIFTY19AUGFUT 0 1400000000076562  
11:17:42  : PENDING Buy 0/200 0.00 NSEFO:BANKNIFTY19AUGFUT 0   
11:19:35  : CONFIRMED Buy 0/5 1124.90 NSECM:RELIANCE-EQ 0 1300000000064162  
11:19:35  : REPLACED Buy 0/5 1125.00 NSECM:RELIANCE-EQ 0 1300000000064162  
11:20:21  : CANCELED  Sell  1  0.0000  NSECDS:USDINR19AUGFUT  1000000000035336  Error : 17070 : The Price is out of the current execution range  
11:20:21  : CONFIRMED Sell 0/1 0.0000 NSECDS:USDINR19AUGFUT 0 1000000000035336  
11:20:21  : PENDING Sell 0/1 0.0000 NSECDS:USDINR19AUGFUT 0   
11:20:50  : CONFIRMED Buy 0/5 1124.90 NSECM:RELIANCE-EQ 0 1300000000064162  
11:20:50  : REPLACED Buy 0/5 1124.90 NSECM:RELIANCE-EQ 0 1300000000064162  
11:22:51  : CONFIRMED Buy 0/5 1219.80 NSECM:RELIANCE-EQ 0 1300000000064162  
11:22:51  : REPLACED Buy 0/5 1124.90 NSECM:RELIANCE-EQ 0 1300000000064162  
11:24:17  : CONFIRMED Buy 0/5 0.00 NSECM:RELIANCE-EQ 0 1300000000064162  
11:24:17  : REPLACED Buy 0/5 1219.80 NSECM:RELIANCE-EQ 0 1300000000064162  
11:27:48  : TRADE : Buy  5  1220.00  NSECM:RELIANCE-EQ  0  1300000000064162  
11:27:48  : TRIGGERED Buy 0/5 0.00 NSECM:RELIANCE-EQ 0 1300000000064162  
11:28:34  : REJECTION : NEW REJECTED  Buy  750  12890.00  NSEFO:NIFTY19AUGFUT  Error :  You are trying to place the order with a price which is outside circuit limits.Try placing order within the circut limits.  
11:28:34  : PENDING Buy 0/750 12890.00 NSEFO:NIFTY19AUGFUT 0   
11:29:05  : CONFIRMED Buy 80/140 30005.00 NSEFO:BANKNIFTY19AUGFUT 0 1400000000068577  
11:29:04  : TRADE : Buy  80  30005.00  NSEFO:BANKNIFTY19AUGFUT  0  1400000000068577  
11:29:14  : CONFIRMED Buy 0/200 30006.00 NSEFO:BANKNIFTY19AUGFUT 0 1400000000089807  
11:29:14  : PENDING Buy 0/200 30006.00 NSEFO:BANKNIFTY19AUGFUT 0   
11:29:47  : CONFIRMED Buy 0/200 30006.00 NSEFO:BANKNIFTY19AUGFUT 0 1400000000089902  
11:29:47  : PENDING Buy 0/200 30006.00 NSEFO:BANKNIFTY19AUGFUT 0   
11:30:17  : REJECTION : NEW REJECTED  Sell  200  320001.00  NSEFO:BANKNIFTY19AUGFUT  Error : RMS:Rule: Order Value limit including square off order,Current:64000200.00, limit set:10000000.00  for entity account-N62861 across exchange across segment across product   
11:30:17  : PENDING Sell 0/200 320001.00 NSEFO:BANKNIFTY19AUGFUT 0   
11:30:34  : CANCELED  Buy  10  2074.00  NSECM:HDFC-EQ  1100000000033822  
11:30:37  : CANCELED  Buy  15  1125.00  NSECM:RELIANCE-EQ  1300000000064437  
11:30:37  : CANCELED  Buy  15  1125.00  NSECM:RELIANCE-EQ  1300000000064437  
11:30:37  : CANCELED  Buy  10  1125.00  NSECM:RELIANCE-EQ  1300000000065264  
11:30:37  : CANCELED  Buy  10  1125.00  NSECM:RELIANCE-EQ  1300000000065264  
11:30:37  : CANCELED  Buy  140  30005.00  NSEFO:BANKNIFTY19AUGFUT  1400000000068577  
11:30:37  : CANCELED  Buy  2500  10.00  NSEFO:TCS19AUG2300CE  1200000000011315  
11:30:37  : CANCELED  Sell  1  34.00  NSECM:RELIGARE-EQ  1300000000097949  
11:30:37  : CANCELED  Sell  9  34.00  NSECM:RELIGARE-EQ  1300000000098103  
11:30:37  : CANCELED  Buy  200  30006.00  NSEFO:BANKNIFTY19AUGFUT  1400000000089807  
11:30:37  : CANCELED  Buy  200  30006.00  NSEFO:BANKNIFTY19AUGFUT  1400000000089902  
11:30:51  : CONFIRMED Sell 0/200 29001.00 NSEFO:BANKNIFTY19AUGFUT 0 1400000000090042  
11:30:51  : PENDING Sell 0/200 29001.00 NSEFO:BANKNIFTY19AUGFUT 0   
11:30:55  : TRADE : Sell  200  29001.00  NSEFO:BANKNIFTY19AUGFUT  0  1400000000090042  
11:31:15  : CONFIRMED Sell 0/200 29002.00 NSEFO:BANKNIFTY19AUGFUT 0 1400000000090125  
11:31:15  : PENDING Sell 0/200 29002.00 NSEFO:BANKNIFTY19AUGFUT 0   
11:31:44  : TRADE : Sell  200  29002.00  NSEFO:BANKNIFTY19AUGFUT  0  1400000000090125  
11:31:51  : TRADE : Sell  200  29500.00  NSEFO:BANKNIFTY19AUGFUT  0  1400000000090223  
11:31:51  : CONFIRMED Sell 0/200 29002.00 NSEFO:BANKNIFTY19AUGFUT 0 1400000000090223  
11:31:51  : PENDING Sell 0/200 29002.00 NSEFO:BANKNIFTY19AUGFUT 0   
11:32:27  : CONFIRMED Buy 0/200 29010.00 NSEFO:BANKNIFTY19AUGFUT 0 1400000000090257  
11:32:27  : PENDING Buy 0/200 29010.00 NSEFO:BANKNIFTY19AUGFUT 0   
11:32:42  : CONFIRMED Buy 0/100 29010.00 NSEFO:BANKNIFTY19AUGFUT 0 1400000000090257  
11:32:42  : REPLACED Buy 0/200 29010.00 NSEFO:BANKNIFTY19AUGFUT 0 1400000000090257  
11:33:46  : CONFIRMED Buy 0/100 29010.25 NSEFO:BANKNIFTY19AUGFUT 0 1400000000090257  
11:33:46  : REPLACED Buy 0/100 29010.00 NSEFO:BANKNIFTY19AUGFUT 0 1400000000090257  
11:35:27  : CONFIRMED Buy 0/100 30001.00 NSEFO:BANKNIFTY19AUGFUT 0 1400000000090257  
11:35:27  : CONFIRMED Buy 0/100 0.00 NSEFO:BANKNIFTY19AUGFUT 0 1400000000090257  
11:35:27  : REPLACED Buy 0/100 29010.25 NSEFO:BANKNIFTY19AUGFUT 0 1400000000090257  
11:35:53  : CONFIRMED Buy 20/100 30001.00 NSEFO:BANKNIFTY19AUGFUT 0 1400000000090257  
11:35:53  : TRADE : Buy  20  30001.00  NSEFO:BANKNIFTY19AUGFUT  0  1400000000090257  
11:36:47  : CONFIRMED Buy 20/220 30001.00 NSEFO:BANKNIFTY19AUGFUT 0 1400000000090257  
11:36:47  : REPLACED Buy 20/100 30001.00 NSEFO:BANKNIFTY19AUGFUT 0 1400000000090257  
11:37:57  : TRIGGERED Buy 20/220 30001.00 NSEFO:BANKNIFTY19AUGFUT 0 1400000000090257  
11:37:57  : CONFIRMED Buy 20/220 30001.00 NSEFO:BANKNIFTY19AUGFUT 0 1400000000090257  
11:37:57  : REPLACED Buy 20/220 30001.00 NSEFO:BANKNIFTY19AUGFUT 0 1400000000090257  
11:39:01  : TRIGGERED Buy 180/220 30001.00 NSEFO:BANKNIFTY19AUGFUT 0 1400000000090257  
11:39:01  : TRADE : Buy  160  30001.00  NSEFO:BANKNIFTY19AUGFUT  0  1400000000090257  
11:39:16  : TRADE : Buy  40  30001.00  NSEFO:BANKNIFTY19AUGFUT  0  1400000000090257  
11:39:23  : TRIGGERED Buy 0/200 28500.00 NSEFO:BANKNIFTY19AUGFUT 0 1400000000106055  
11:39:23  : CONFIRMED Buy 0/200 28500.00 NSEFO:BANKNIFTY19AUGFUT 0 1400000000106055  
11:39:23  : PENDING Buy 0/200 28500.00 NSEFO:BANKNIFTY19AUGFUT 0   
11:40:01  : REJECTION : NEW REJECTED  Sell  200  0.00  NSEFO:BANKNIFTY19AUGFUT  Error : RMS: Auto Square Off Block  
11:40:01  : PENDING Sell 0/200 0.00 NSEFO:BANKNIFTY19AUGFUT 0   
11:43:04  : CONFIRMED Sell 20/100 29951.55 NSEFO:BANKNIFTY19AUGFUT 0 1400000000121297  
11:43:04  : CANCELED  Buy  200  28500.00  NSEFO:BANKNIFTY19AUGFUT  1400000000106055  Error : 17071 : The order could have resulted in self trade  
11:43:04  : CONFIRMED Sell 20/100 29805.70 NSEFO:BANKNIFTY19AUGFUT 0 1400000000121297  
11:43:04  : TRADE : Sell  20  29805.70  NSEFO:BANKNIFTY19AUGFUT  0  1400000000121297  
11:43:04  : CONFIRMED Sell 0/100 0.00 NSEFO:BANKNIFTY19AUGFUT 0 1400000000121297  
11:43:04  : PENDING Sell 0/100 0.00 NSEFO:BANKNIFTY19AUGFUT 0   
11:43:07  : TRADE : Sell  80  29951.55  NSEFO:BANKNIFTY19AUGFUT  0  1400000000121297  
11:43:41  : CONFIRMED Buy 1500/5000 1361.00 NSEFO:RELIANCE19AUGFUT 0 1700000000046027  
11:43:41  : CONFIRMED Buy 1500/5000 1379.96 NSEFO:RELIANCE19AUGFUT 0 1700000000046027  
11:43:41  : TRADE : Buy  500  1380.00  NSEFO:RELIANCE19AUGFUT  0  1700000000046027  
11:43:41  : CONFIRMED Buy 1000/5000 1379.95 NSEFO:RELIANCE19AUGFUT 0 1700000000046027  
11:43:41  : TRADE : Buy  500  1379.95  NSEFO:RELIANCE19AUGFUT  0  1700000000046027  
11:43:41  : CONFIRMED Buy 500/5000 1379.95 NSEFO:RELIANCE19AUGFUT 0 1700000000046027  
11:43:41  : TRADE : Buy  500  1379.95  NSEFO:RELIANCE19AUGFUT  0  1700000000046027  
11:43:41  : CONFIRMED Buy 0/5000 0.00 NSEFO:RELIANCE19AUGFUT 0 1700000000046027  
11:43:41  : PENDING Buy 0/5000 0.00 NSEFO:RELIANCE19AUGFUT 0   
11:45:06  : Partial Pos Conv is successfull  
11:46:11  : CANCELED  Sell  5000  1361.05  NSEFO:RELIANCE19AUGFUT  1700000000046326  Error : 17070 : The Price is out of the current execution range  
11:46:11  : CANCELED  Buy  5000  1361.00  NSEFO:RELIANCE19AUGFUT  1700000000046027  Error : 17071 : The order could have resulted in self trade  
11:46:11  : CONFIRMED Sell 500/5000 1361.05 NSEFO:RELIANCE19AUGFUT 0 1700000000046326  
11:46:11  : TRADE : Sell  500  1361.05  NSEFO:RELIANCE19AUGFUT  0  1700000000046326  
11:46:11  : CONFIRMED Sell 0/5000 0.00 NSEFO:RELIANCE19AUGFUT 0 1700000000046326  
11:46:11  : PENDING Sell 0/5000 0.00 NSEFO:RELIANCE19AUGFUT 0   
11:46:24  : CONFIRMED Buy 0/5000 1350.00 NSEFO:RELIANCE19AUGFUT 0 1700000000046349  
11:46:24  : PENDING Buy 0/5000 1350.00 NSEFO:RELIANCE19AUGFUT 0   
11:46:33  : REJECTION : NEW REJECTED  Buy  5000  1350.00  NSEFO:RELIANCE19AUGFUT  Error : RMS: Auto Square Off Block  
11:46:33  : PENDING Buy 0/5000 1350.00 NSEFO:RELIANCE19AUGFUT 0   
11:47:43  : Partial Pos Conv is successfull  
11:47:56  : Partial Pos Conv is successfull  
11:48:26  : CANCELED  Sell  1000  0.00  NSEFO:RELIANCE19AUGFUT  1700000000046998  Error : 17070 : The Price is out of the current execution range  
11:48:26  : CANCELED  Buy  5000  1350.00  NSEFO:RELIANCE19AUGFUT  1700000000046349  Error : 17071 : The order could have resulted in self trade  
11:48:26  : CONFIRMED Sell 0/1000 0.00 NSEFO:RELIANCE19AUGFUT 0 1700000000046998  
11:48:26  : PENDING Sell 0/1000 0.00 NSEFO:RELIANCE19AUGFUT 0   
11:51:01  : Partial Pos Conv is successfull  
11:52:37  : REJECTION : NEW REJECTED  Buy  5000  0.00  NSEFO:RELIANCE19AUGFUT  Error : RMS:Rule: Check Trigger price vs LTP for SL-M orders ,Trigger Price:1360.00, LTP:1361.05  for entity account-N62861 across exchange across segment across product   
11:52:37  : PENDING Buy 0/5000 0.00 NSEFO:RELIANCE19AUGFUT 0   
11:53:08  : REJECTION : NEW REJECTED  Buy  5000  0.00  NSEFO:RELIANCE19AUGFUT  Error : RMS:Rule: Check Trigger price vs LTP for SL-M orders ,Trigger Price:1360.00, LTP:1361.05  for entity account-N62861 across exchange across segment across product   
11:53:08  : PENDING Buy 0/5000 0.00 NSEFO:RELIANCE19AUGFUT 0   
11:53:21  : REJECTION : NEW REJECTED  Buy  5000  0.00  NSEFO:RELIANCE19AUGFUT  Error : RMS:Rule: Check Trigger price vs LTP for SL-M orders ,Trigger Price:1361.00, LTP:1361.05  for entity account-N62861 across exchange across segment across product   
11:53:21  : PENDING Buy 0/5000 0.00 NSEFO:RELIANCE19AUGFUT 0   
11:53:33  : TRADE : Buy  5000  1360.40  NSEFO:RELIANCE19AUGFUT  0  1700000000048100  
11:53:33  : TRIGGERED Buy 0/5000 0.00 NSEFO:RELIANCE19AUGFUT 0 1700000000048100  
11:53:33  : CONFIRMED Buy 0/5000 0.00 NSEFO:RELIANCE19AUGFUT 0 1700000000048100  
11:53:33  : PENDING Buy 0/5000 0.00 NSEFO:RELIANCE19AUGFUT 0   
11:53:53  : CONFIRMED Sell 0/5000 1127.80 NSEFO:RELIANCE19AUGFUT 0 1700000000048171  
11:53:53  : PENDING Sell 0/5000 1127.80 NSEFO:RELIANCE19AUGFUT 0   
11:54:35  : CONFIRMED Sell 0/5000 1127.80 NSEFO:RELIANCE19AUGFUT 0 1700000000048381  
11:54:35  : PENDING Sell 0/5000 1127.80 NSEFO:RELIANCE19AUGFUT 0   
11:56:22  : TRIGGERED Sell 0/5000 1127.80 NSEFO:RELIANCE19AUGFUT 0 1700000000048381  
11:56:22  : REJECTION : REPLACE REJECTED  Sell  5000  0.00  NSEFO:RELIANCE19AUGFUT  1700000000048381  Error : RMS:Rule: Check Trigger price vs LTP for SL-M orders ,Trigger Price:1360.40, LTP:1127.80  for entity account-N62861 across exchange across segment across product   
11:56:22  : TRIGGERED Sell 0/5000 1127.80 NSEFO:RELIANCE19AUGFUT 0 1700000000048381  
11:56:22  : TRIGGERED Sell 0/5000 1127.80 NSEFO:RELIANCE19AUGFUT 0 1700000000048171  
11:58:06  : TRIGGERED Sell 500/5000 1127.80 NSEFO:RELIANCE19AUGFUT 0 1700000000048171  
11:58:06  : TRADE : Sell  500  1127.80  NSEFO:RELIANCE19AUGFUT  0  1700000000048171  
12:00:24  : CANCELED  Buy  500  0.00  NSEFO:RELIANCE19JULFUT  1700000000050499  Error : 17070 : The Price is out of the current execution range  
12:00:24  : CANCELED  Buy  500  0.00  NSEFO:RELIANCE19AUGFUT  1700000000050499  Error : 17070 : The Price is out of the current execution range  
12:00:24  : CONFIRMED Buy 0/500 0.00 NSEFO:RELIANCE19JULFUT 0 1700000000050499  
12:00:24  : CONFIRMED Buy 0/500 0.00 NSEFO:RELIANCE19AUGFUT 0 1700000000050499  
12:00:24  : PENDING Buy 0/500 0.00 NSEFO:RELIANCE19JULFUT 0   
12:00:24  : PENDING Buy 0/500 0.00 NSEFO:RELIANCE19AUGFUT 0   
12:00:42  : CANCELED  Buy  500  1376.00  NSEFO:RELIANCE19JULFUT  1700000000050518  Error : 17070 : The Price is out of the current execution range  
12:00:42  : CANCELED  Buy  500  0.00  NSEFO:RELIANCE19AUGFUT  1700000000050518  Error : 17070 : The Price is out of the current execution range  
12:00:42  : CONFIRMED Buy 0/500 1376.00 NSEFO:RELIANCE19JULFUT 0 1700000000050518  
12:00:42  : CONFIRMED Buy 0/500 0.00 NSEFO:RELIANCE19AUGFUT 0 1700000000050518  
12:00:42  : PENDING Buy 0/500 1376.00 NSEFO:RELIANCE19JULFUT 0   
12:00:42  : PENDING Buy 0/500 0.00 NSEFO:RELIANCE19AUGFUT 0   
12:01:09  : TRIGGERED Sell 1000/5000 1127.80 NSEFO:RELIANCE19AUGFUT 0 1700000000048171  
12:01:09  : TRADE : Sell  500  1127.80  NSEFO:RELIANCE19AUGFUT  0  1700000000048171  
12:01:14  : CANCELED  Buy  20  30390.00  NSEFO:BANKNIFTY19AUGFUT  1400000000146480  Error : 16388 : Order Cancelled By System  
12:01:14  : CANCELED  Buy  20  27351.00  NSEFO:BANKNIFTY19JULFUT  1400000000146480  Error : 16388 : Order Cancelled By System  
12:01:14  : CONFIRMED Buy 0/20 30390.00 NSEFO:BANKNIFTY19AUGFUT 0 1400000000146480  
12:01:14  : CONFIRMED Buy 0/20 27351.00 NSEFO:BANKNIFTY19JULFUT 0 1400000000146480  
12:01:14  : PENDING Buy 0/20 30390.00 NSEFO:BANKNIFTY19AUGFUT 0   
12:01:14  : PENDING Buy 0/20 27351.00 NSEFO:BANKNIFTY19JULFUT 0   
12:01:24  : TRIGGERED Sell 1500/5000 1127.80 NSEFO:RELIANCE19AUGFUT 0 1700000000048171  
12:01:24  : TRADE : Sell  500  1127.80  NSEFO:RELIANCE19AUGFUT  0  1700000000048171  
12:01:25  : TRIGGERED Sell 2000/5000 1127.80 NSEFO:RELIANCE19AUGFUT 0 1700000000048171  
12:01:25  : TRADE : Sell  500  1127.80  NSEFO:RELIANCE19AUGFUT  0  1700000000048171  
12:01:26  : TRIGGERED Sell 2500/5000 1127.80 NSEFO:RELIANCE19AUGFUT 0 1700000000048171  
12:01:26  : TRADE : Sell  500  1127.80  NSEFO:RELIANCE19AUGFUT  0  1700000000048171  
12:01:27  : TRIGGERED Sell 3000/5000 1127.80 NSEFO:RELIANCE19AUGFUT 0 1700000000048171  
12:01:26  : TRADE : Sell  500  1127.80  NSEFO:RELIANCE19AUGFUT  0  1700000000048171  
12:01:28  : TRADE : Buy  20  30390.00  NSEFO:BANKNIFTY19AUGFUT  0  1400000000146547  
12:01:28  : CONFIRMED Buy 0/20 0.00 NSEFO:BANKNIFTY19AUGFUT 0 1400000000146547  
12:01:28  : CONFIRMED Buy 20/20 0.00 NSEFO:BANKNIFTY19JULFUT 0 1400000000146547  
12:01:28  : TRADE : Buy  20  27600.00  NSEFO:BANKNIFTY19JULFUT  0  1400000000146547  
12:01:28  : CONFIRMED Buy 0/20 0.00 NSEFO:BANKNIFTY19AUGFUT 0 1400000000146547  
12:01:28  : CONFIRMED Buy 0/20 0.00 NSEFO:BANKNIFTY19JULFUT 0 1400000000146547  
12:01:28  : PENDING Buy 0/20 0.00 NSEFO:BANKNIFTY19AUGFUT 0   
12:01:28  : PENDING Buy 0/20 0.00 NSEFO:BANKNIFTY19JULFUT 0   
12:01:30  : TRADE : Buy  20  30390.00  NSEFO:BANKNIFTY19AUGFUT  0  1400000000146566  
12:01:30  : CONFIRMED Buy 0/20 0.00 NSEFO:BANKNIFTY19AUGFUT 0 1400000000146566  
12:01:30  : CONFIRMED Buy 20/20 0.00 NSEFO:BANKNIFTY19JULFUT 0 1400000000146566  
12:01:30  : TRADE : Buy  20  27600.00  NSEFO:BANKNIFTY19JULFUT  0  1400000000146566  
12:01:30  : CONFIRMED Buy 0/20 0.00 NSEFO:BANKNIFTY19AUGFUT 0 1400000000146566  
12:01:30  : CONFIRMED Buy 0/20 0.00 NSEFO:BANKNIFTY19JULFUT 0 1400000000146566  
12:01:30  : PENDING Buy 0/20 0.00 NSEFO:BANKNIFTY19AUGFUT 0   
12:01:30  : PENDING Buy 0/20 0.00 NSEFO:BANKNIFTY19JULFUT 0   
12:01:31  : TRADE : Buy  20  30390.00  NSEFO:BANKNIFTY19AUGFUT  0  1400000000146573  
12:01:31  : CONFIRMED Buy 0/20 0.00 NSEFO:BANKNIFTY19AUGFUT 0 1400000000146573  
12:01:31  : CONFIRMED Buy 20/20 0.00 NSEFO:BANKNIFTY19JULFUT 0 1400000000146573  
12:01:31  : TRADE : Buy  20  27600.00  NSEFO:BANKNIFTY19JULFUT  0  1400000000146573  
12:01:31  : CONFIRMED Buy 0/20 0.00 NSEFO:BANKNIFTY19AUGFUT 0 1400000000146573  
12:01:31  : CONFIRMED Buy 0/20 0.00 NSEFO:BANKNIFTY19JULFUT 0 1400000000146573  
12:01:31  : PENDING Buy 0/20 0.00 NSEFO:BANKNIFTY19AUGFUT 0   
12:01:31  : PENDING Buy 0/20 0.00 NSEFO:BANKNIFTY19JULFUT 0   
12:01:31  : TRIGGERED Sell 4000/5000 1127.80 NSEFO:RELIANCE19AUGFUT 0 1700000000048171  
12:01:31  : TRADE : Sell  500  1127.80  NSEFO:RELIANCE19AUGFUT  0  1700000000048171  
12:01:31  : TRIGGERED Sell 3500/5000 1127.80 NSEFO:RELIANCE19AUGFUT 0 1700000000048171  
12:01:30  : TRADE : Sell  500  1127.80  NSEFO:RELIANCE19AUGFUT  0  1700000000048171  
12:01:32  : TRIGGERED Sell 4500/5000 1127.80 NSEFO:RELIANCE19AUGFUT 0 1700000000048171  
12:01:32  : TRADE : Sell  500  1127.80  NSEFO:RELIANCE19AUGFUT  0  1700000000048171  
12:01:33  : TRIGGERED Sell 500/5000 1127.80 NSEFO:RELIANCE19AUGFUT 0 1700000000048381  
12:01:33  : TRADE : Sell  500  1127.80  NSEFO:RELIANCE19AUGFUT  0  1700000000048381  
12:01:32  : TRADE : Sell  500  1127.80  NSEFO:RELIANCE19AUGFUT  0  1700000000048171  
12:01:34  : TRIGGERED Sell 1000/5000 1127.80 NSEFO:RELIANCE19AUGFUT 0 1700000000048381  
12:01:34  : TRADE : Sell  500  1127.80  NSEFO:RELIANCE19AUGFUT  0  1700000000048381  
12:01:35  : TRIGGERED Sell 2000/5000 1127.80 NSEFO:RELIANCE19AUGFUT 0 1700000000048381  
12:01:35  : TRADE : Sell  500  1127.80  NSEFO:RELIANCE19AUGFUT  0  1700000000048381  
12:01:34  : TRIGGERED Sell 1500/5000 1127.80 NSEFO:RELIANCE19AUGFUT 0 1700000000048381  
12:01:34  : TRADE : Sell  500  1127.80  NSEFO:RELIANCE19AUGFUT  0  1700000000048381  
12:01:36  : TRIGGERED Sell 3000/5000 1127.80 NSEFO:RELIANCE19AUGFUT 0 1700000000048381  
12:01:36  : TRADE : Sell  500  1127.80  NSEFO:RELIANCE19AUGFUT  0  1700000000048381  
12:01:36  : TRIGGERED Sell 2500/5000 1127.80 NSEFO:RELIANCE19AUGFUT 0 1700000000048381  
12:01:36  : TRADE : Sell  500  1127.80  NSEFO:RELIANCE19AUGFUT  0  1700000000048381  
12:01:37  : TRIGGERED Sell 3500/5000 1127.80 NSEFO:RELIANCE19AUGFUT 0 1700000000048381  
12:01:37  : TRADE : Sell  500  1127.80  NSEFO:RELIANCE19AUGFUT  0  1700000000048381  
12:01:38  : TRIGGERED Sell 4500/5000 1127.80 NSEFO:RELIANCE19AUGFUT 0 1700000000048381  
12:01:38  : TRADE : Sell  500  1127.80  NSEFO:RELIANCE19AUGFUT  0  1700000000048381  
12:01:38  : TRIGGERED Sell 4000/5000 1127.80 NSEFO:RELIANCE19AUGFUT 0 1700000000048381  
12:01:38  : TRADE : Sell  500  1127.80  NSEFO:RELIANCE19AUGFUT  0  1700000000048381  
12:01:39  : TRADE : Sell  500  1127.80  NSEFO:RELIANCE19AUGFUT  0  1700000000048381  
12:01:54  : CONFIRMED Buy 0/20 0.00 NSEFO:BANKNIFTY19AUGFUT 0 1400000000146656  
12:01:54  : CONFIRMED Buy 0/20 0.00 NSEFO:BANKNIFTY19JULFUT 0 1400000000146656  
12:01:54  : PENDING Buy 0/20 0.00 NSEFO:BANKNIFTY19AUGFUT 0   
12:01:54  : PENDING Buy 0/20 0.00 NSEFO:BANKNIFTY19JULFUT 0   
12:01:54  : TRADE : Buy  20  30390.00  NSEFO:BANKNIFTY19AUGFUT  0  1400000000146656  
12:01:54  : CONFIRMED Buy 0/20 0.00 NSEFO:BANKNIFTY19AUGFUT 0 1400000000146656  
12:01:54  : CONFIRMED Buy 20/20 0.00 NSEFO:BANKNIFTY19JULFUT 0 1400000000146656  
12:01:54  : TRADE : Buy  20  27800.00  NSEFO:BANKNIFTY19JULFUT  0  1400000000146656  
12:02:44  : TRADE : Buy  4  458.00  BSECM:TATASTEEL  0  1563597503184037362  
12:02:44  : CONFIRMED Buy 6/10 458.00 BSECM:TATASTEEL 0 1563597503184037362  
12:02:44  : TRADE : Buy  6  457.00  BSECM:TATASTEEL  0  1563597503184037362  
12:02:44  : CONFIRMED Buy 0/10 458.00 BSECM:TATASTEEL 0 1563597503184037362  
12:02:44  : CONFIRMED Buy 0/10 0.00 BSECM:TATASTEEL 0 1563597503184037362  
12:02:44  : PENDING Buy 0/10 0.00 BSECM:TATASTEEL 0   
12:03:16  : CONFIRMED Buy 0/10 460.00 BSECM:TATASTEEL 0 1563597503184039548  
12:03:16  : PENDING Buy 0/10 460.00 BSECM:TATASTEEL 0   
12:03:16  : TRADE : Buy  10  457.00  BSECM:TATASTEEL  0  1563597503184039548  
12:03:41  : CONFIRMED Buy 0/10 66.45 BSECM:TATAPOWER 0 1563598660811001005  
12:03:41  : CONFIRMED Buy 0/10 0.00 BSECM:TATAPOWER 0 1563598660811001005  
12:03:41  : PENDING Buy 0/10 0.00 BSECM:TATAPOWER 0   
12:08:04  : CONFIRMED Buy 0/5 66.45 BSECM:TATAPOWER 0 1563598660811001005  
12:08:04  : REPLACED Buy 0/10 66.45 BSECM:TATAPOWER 0 1563598660811001005  
12:17:09  : TRADE : Sell  30  154.00  BSECM:IOC  0  1563597995765000056  
12:17:09  : CONFIRMED Sell 0/30 154.00 BSECM:IOC 0 1563597995765000056  
12:17:09  : CONFIRMED Sell 0/30 0.00 BSECM:IOC 0 1563597995765000056  
12:17:09  : PENDING Sell 0/30 0.00 BSECM:IOC 0   
12:18:38  : TRADE : Buy  10  158.00  BSECM:IOC  0  1563597995765000057  
12:18:38  : CONFIRMED Buy 0/10 158.00 BSECM:IOC 0 1563597995765000057  
12:18:38  : CONFIRMED Buy 0/10 0.00 BSECM:IOC 0 1563597995765000057  
12:18:38  : PENDING Buy 0/10 0.00 BSECM:IOC 0   
12:20:13  : TRADE : Buy  30  157.10  BSECM:IOC  0  1563597995765000059  
12:20:13  : CONFIRMED Buy 0/30 157.10 BSECM:IOC 0 1563597995765000059  
12:20:13  : CONFIRMED Buy 0/30 0.00 BSECM:IOC 0 1563597995765000059  
12:20:13  : PENDING Buy 0/30 0.00 BSECM:IOC 0   
12:20:31  : TRADE : Buy  30  158.00  BSECM:IOC  0  1563597995765000060  
12:20:31  : CONFIRMED Buy 0/30 158.00 BSECM:IOC 0 1563597995765000060  
12:20:31  : CONFIRMED Buy 0/30 0.00 BSECM:IOC 0 1563597995765000060  
12:20:31  : PENDING Buy 0/30 0.00 BSECM:IOC 0   
12:33:43  : TRADE : Buy  5  66.45  BSECM:TATAPOWER  0  1563598660811001005  
12:45:24  : Alert notifier Disconnected.  
12:46:03  : STATUS : SERVER  Dis